2023-05-28 15:17:25,095 DEBUG: News with id 115 is being edited [in /home/filya/TPPO1/1000-and-1/web/imit/controllers/news.py:173]
2023-05-28 15:17:25,112 DEBUG: Adding cover image to news 95 [in /home/filya/TPPO1/1000-and-1/web/imit/controllers/news.py:290]
2023-05-28 15:17:25,113 DEBUG: Storing images post_95_1.png and post_95_1_full.jpg to drive [in /home/filya/TPPO1/1000-and-1/web/imit/controllers/news.py:298]
2023-05-28 15:17:25,120 DEBUG: Adding cover image to news 95 [in /home/filya/TPPO1/1000-and-1/web/imit/controllers/news.py:290]
2023-05-28 15:17:25,120 DEBUG: Storing images post_95_2.png and post_95_2_full.jpg to drive [in /home/filya/TPPO1/1000-and-1/web/imit/controllers/news.py:298]
2023-05-28 15:17:25,127 DEBUG: Adding cover image to news 95 [in /home/filya/TPPO1/1000-and-1/web/imit/controllers/news.py:290]
2023-05-28 15:17:25,128 DEBUG: Storing images post_95_3.png and post_95_3_full.jpg to drive [in /home/filya/TPPO1/1000-and-1/web/imit/controllers/news.py:298]
2023-05-28 15:17:39,771 DEBUG: Adding cover image to news 96 [in /home/filya/TPPO1/1000-and-1/web/imit/controllers/news.py:290]
2023-05-28 15:17:39,772 DEBUG: Storing images post_96_1.png and post_96_1_full.jpg to drive [in /home/filya/TPPO1/1000-and-1/web/imit/controllers/news.py:298]
2023-05-28 15:17:39,782 DEBUG: Adding cover image to news 96 [in /home/filya/TPPO1/1000-and-1/web/imit/controllers/news.py:290]
2023-05-28 15:17:39,782 DEBUG: Storing images post_96_2.png and post_96_2_full.jpg to drive [in /home/filya/TPPO1/1000-and-1/web/imit/controllers/news.py:298]
2023-05-28 15:17:59,698 DEBUG: Adding cover image to news 117 [in /home/filya/TPPO1/1000-and-1/web/imit/controllers/news.py:290]
2023-05-28 15:17:59,700 DEBUG: Storing images draft_post_117_1.png and draft_post_117_1_full.jpg to drive [in /home/filya/TPPO1/1000-and-1/web/imit/controllers/news.py:298]
2023-05-28 15:17:59,709 DEBUG: Adding cover image to news 117 [in /home/filya/TPPO1/1000-and-1/web/imit/controllers/news.py:290]
2023-05-28 15:17:59,709 DEBUG: Storing images draft_post_117_2.png and draft_post_117_2_full.jpg to drive [in /home/filya/TPPO1/1000-and-1/web/imit/controllers/news.py:298]
2023-05-28 15:17:59,717 DEBUG: Adding cover image to news 117 [in /home/filya/TPPO1/1000-and-1/web/imit/controllers/news.py:290]
2023-05-28 15:17:59,718 DEBUG: Storing images draft_post_117_3.png and draft_post_117_3_full.jpg to drive [in /home/filya/TPPO1/1000-and-1/web/imit/controllers/news.py:298]
2023-05-28 15:19:35,792 DEBUG: Adding cover image to news 120 [in /home/filya/TPPO1/1000-and-1/web/imit/controllers/news.py:290]
2023-05-28 15:19:35,793 DEBUG: Storing images draft_post_120_1.png and draft_post_120_1_full.jpg to drive [in /home/filya/TPPO1/1000-and-1/web/imit/controllers/news.py:298]
2023-05-28 15:19:35,801 DEBUG: Adding cover image to news 120 [in /home/filya/TPPO1/1000-and-1/web/imit/controllers/news.py:290]
2023-05-28 15:19:35,801 DEBUG: Storing images draft_post_120_2.png and draft_post_120_2_full.jpg to drive [in /home/filya/TPPO1/1000-and-1/web/imit/controllers/news.py:298]
2023-05-28 15:19:38,172 DEBUG: News with id 119 is being deleted [in /home/filya/TPPO1/1000-and-1/web/imit/controllers/news.py:150]
2023-05-28 15:19:39,413 DEBUG: News with id 118 is being deleted [in /home/filya/TPPO1/1000-and-1/web/imit/controllers/news.py:150]
2023-05-28 15:23:31,332 DEBUG: Adding cover image to news 97 [in /home/filya/TPPO1/1000-and-1/web/imit/controllers/news.py:290]
2023-05-28 15:23:31,334 DEBUG: Storing images post_97_1.png and post_97_1_full.jpg to drive [in /home/filya/TPPO1/1000-and-1/web/imit/controllers/news.py:298]
2023-05-28 15:23:31,340 DEBUG: Adding cover image to news 97 [in /home/filya/TPPO1/1000-and-1/web/imit/controllers/news.py:290]
2023-05-28 15:23:31,340 DEBUG: Storing images post_97_2.png and post_97_2_full.jpg to drive [in /home/filya/TPPO1/1000-and-1/web/imit/controllers/news.py:298]
2023-05-28 15:23:31,346 DEBUG: Adding cover image to news 97 [in /home/filya/TPPO1/1000-and-1/web/imit/controllers/news.py:290]
2023-05-28 15:23:31,346 DEBUG: Storing images post_97_3.png and post_97_3_full.jpg to drive [in /home/filya/TPPO1/1000-and-1/web/imit/controllers/news.py:298]
2023-05-28 15:24:10,762 DEBUG: News with id 97 is being edited [in /home/filya/TPPO1/1000-and-1/web/imit/controllers/news.py:231]
2023-05-28 15:24:24,257 DEBUG: News with id 96 is being edited [in /home/filya/TPPO1/1000-and-1/web/imit/controllers/news.py:231]
2023-05-28 15:24:28,943 DEBUG: News with id 94 is being deleted [in /home/filya/TPPO1/1000-and-1/web/imit/controllers/news.py:277]
2023-05-28 15:24:30,795 DEBUG: News with id 95 is being deleted [in /home/filya/TPPO1/1000-and-1/web/imit/controllers/news.py:277]
2023-05-28 15:24:37,267 DEBUG: News with id 96 is being edited [in /home/filya/TPPO1/1000-and-1/web/imit/controllers/news.py:231]
2023-05-28 15:25:02,466 DEBUG: Adding cover image to news 98 [in /home/filya/TPPO1/1000-and-1/web/imit/controllers/news.py:290]
2023-05-28 15:25:02,466 DEBUG: Storing images post_98_1.png and post_98_1_full.jpg to drive [in /home/filya/TPPO1/1000-and-1/web/imit/controllers/news.py:298]
2023-05-28 15:25:02,473 DEBUG: Adding cover image to news 98 [in /home/filya/TPPO1/1000-and-1/web/imit/controllers/news.py:290]
2023-05-28 15:25:02,474 DEBUG: Storing images post_98_2.png and post_98_2_full.jpg to drive [in /home/filya/TPPO1/1000-and-1/web/imit/controllers/news.py:298]
2023-05-28 15:28:01,460 DEBUG: Adding cover image to news 122 [in /home/filya/TPPO1/1000-and-1/web/imit/controllers/news.py:290]
2023-05-28 15:28:01,460 DEBUG: Storing images draft_post_122_1.png and draft_post_122_1_full.jpg to drive [in /home/filya/TPPO1/1000-and-1/web/imit/controllers/news.py:298]
2023-05-28 15:28:01,474 DEBUG: Adding cover image to news 122 [in /home/filya/TPPO1/1000-and-1/web/imit/controllers/news.py:290]
2023-05-28 15:28:01,474 DEBUG: Storing images draft_post_122_2.png and draft_post_122_2_full.jpg to drive [in /home/filya/TPPO1/1000-and-1/web/imit/controllers/news.py:298]
2023-05-28 15:28:01,480 DEBUG: Adding cover image to news 122 [in /home/filya/TPPO1/1000-and-1/web/imit/controllers/news.py:290]
2023-05-28 15:28:01,481 DEBUG: Storing images draft_post_122_3.png and draft_post_122_3_full.jpg to drive [in /home/filya/TPPO1/1000-and-1/web/imit/controllers/news.py:298]
2023-05-28 15:28:15,010 DEBUG: News with id 117 is being deleted [in /home/filya/TPPO1/1000-and-1/web/imit/controllers/news.py:150]
2023-05-28 15:28:15,012 ERROR: Error occurred during cover image deletion: [Errno 2] No such file or directory: 'imit/static/files/covers/post_117_1.png' [in /home/filya/TPPO1/1000-and-1/web/imit/controllers/news.py:353]
2023-05-28 15:28:16,092 DEBUG: News with id 120 is being deleted [in /home/filya/TPPO1/1000-and-1/web/imit/controllers/news.py:150]
2023-05-28 15:28:16,094 ERROR: Error occurred during cover image deletion: [Errno 2] No such file or directory: 'imit/static/files/covers/post_120_1.png' [in /home/filya/TPPO1/1000-and-1/web/imit/controllers/news.py:353]
2023-05-28 15:28:17,620 DEBUG: News with id 121 is being deleted [in /home/filya/TPPO1/1000-and-1/web/imit/controllers/news.py:150]
2023-05-28 15:28:18,604 DEBUG: News with id 122 is being deleted [in /home/filya/TPPO1/1000-and-1/web/imit/controllers/news.py:150]
2023-05-28 15:28:18,606 ERROR: Error occurred during cover image deletion: [Errno 2] No such file or directory: 'imit/static/files/covers/post_122_1.png' [in /home/filya/TPPO1/1000-and-1/web/imit/controllers/news.py:353]
2023-05-28 15:28:35,104 DEBUG: Adding cover image to news 123 [in /home/filya/TPPO1/1000-and-1/web/imit/controllers/news.py:290]
2023-05-28 15:28:35,105 DEBUG: Storing images draft_post_123_1.png and draft_post_123_1_full.jpg to drive [in /home/filya/TPPO1/1000-and-1/web/imit/controllers/news.py:298]
2023-05-28 15:28:35,116 DEBUG: Adding cover image to news 123 [in /home/filya/TPPO1/1000-and-1/web/imit/controllers/news.py:290]
2023-05-28 15:28:35,116 DEBUG: Storing images draft_post_123_2.png and draft_post_123_2_full.jpg to drive [in /home/filya/TPPO1/1000-and-1/web/imit/controllers/news.py:298]
2023-05-28 15:28:35,128 DEBUG: Adding cover image to news 123 [in /home/filya/TPPO1/1000-and-1/web/imit/controllers/news.py:290]
2023-05-28 15:28:35,128 DEBUG: Storing images draft_post_123_3.png and draft_post_123_3_full.jpg to drive [in /home/filya/TPPO1/1000-and-1/web/imit/controllers/news.py:298]
